<?xml version="1.0" encoding="UTF-8"?>
<!-- Generated by org.testng.reporters.JUnitXMLReporter -->
<testsuite hostname="Kris-PC" ignored="0" name="Default test" tests="5" failures="0" timestamp="2020-06-12T00:32:44 CDT" time="232.176" errors="0">
  <testcase name="createNewDocs" time="27.917" classname="com.qa.docs.testcases.Documents_page_Test"/>
  <testcase name="createNewDocs" time="28.063" classname="com.qa.docs.testcases.Documents_page_Test"/>
  <testcase name="createNewDocs" time="26.386" classname="com.qa.docs.testcases.Documents_page_Test"/>
  <testcase name="createNewDocs" time="26.678" classname="com.qa.docs.testcases.Documents_page_Test"/>
  <testcase name="createNewDocs" time="25.984" classname="com.qa.docs.testcases.Documents_page_Test"/>
</testsuite> <!-- Default test -->
